1561457996305	geckodriver	INFO	geckodriver 0.21.0
1561457996320	geckodriver	INFO	Listening on 127.0.0.1:50825
1561458000059	mozrunner::runner	INFO	Running command: "D:\\Program Files (x86)\\Mozilla Firefox\\firefox.exe" "-marionette" "-foreground" "-no-remote" "-profile" "C:\\Users\\ADMINI~1\\AppData\\Local\\Temp\\rust_mozprofile.MyD5H344vRLH"
1561458014000	addons.webextension.screenshots@mozilla.org	WARN	Loading extension 'screenshots@mozilla.org': Reading manifest: Invalid extension permission: mozillaAddons
1561458014014	addons.webextension.screenshots@mozilla.org	WARN	Loading extension 'screenshots@mozilla.org': Reading manifest: Invalid extension permission: resource://pdf.js/
1561458014015	addons.webextension.screenshots@mozilla.org	WARN	Loading extension 'screenshots@mozilla.org': Reading manifest: Invalid extension permission: about:reader*
1561458014592	Marionette	TRACE	Received observer notification profile-after-change
1561458016826	Marionette	TRACE	Received observer notification toplevel-window-ready
1561458018331	Marionette	TRACE	Received observer notification command-line-startup
1561458018360	Marionette	TRACE	Received observer notification nsPref:changed
1561458018360	Marionette	DEBUG	Init aborted (running=false, enabled=true, finalUIStartup=false)
1561458019060	Marionette	TRACE	Received observer notification toplevel-window-ready
IPDL protocol error: Handler returned error code!

###!!! [Parent][DispatchAsyncMessage] Error: PLayerTransaction::Msg_ReleaseLayer Processing error: message was deserialized, but the handler returned false (indicating failure)

IPDL protocol error: Handler returned error code!

###!!! [Parent][DispatchAsyncMessage] Error: PLayerTransaction::Msg_ReleaseLayer Processing error: message was deserialized, but the handler returned false (indicating failure)

IPDL protocol error: Handler returned error code!

###!!! [Parent][DispatchAsyncMessage] Error: PLayerTransaction::Msg_ReleaseLayer Processing error: message was deserialized, but the handler returned false (indicating failure)

IPDL protocol error: Handler returned error code!

###!!! [Parent][DispatchAsyncMessage] Error: PLayerTransaction::Msg_ReleaseLayer Processing error: message was deserialized, but the handler returned false (indicating failure)

IPDL protocol error: Handler returned error code!

###!!! [Parent][DispatchAsyncMessage] Error: PLayerTransaction::Msg_ReleaseLayer Processing error: message was deserialized, but the handler returned false (indicating failure)

[Parent 11924, Gecko_IOThread] WARNING: pipe error: 109: file z:/task_1560988636/build/src/ipc/chromium/src/chrome/common/ipc_channel_win.cc, line 341
[Child 4456, Chrome_ChildThread] WARNING: pipe error: 109: file z:/task_1560988636/build/src/ipc/chromium/src/chrome/common/ipc_channel_win.cc, line 341
[Child 4456, Chrome_ChildThread] WARNING: pipe error: 109: file z:/task_1560988636/build/src/ipc/chromium/src/chrome/common/ipc_channel_win.cc, line 341
[Parent 11924, Gecko_IOThread] WARNING: file z:/task_1560988636/build/src/ipc/chromium/src/base/process_util_win.cc, line 160
1561458045569	Marionette	TRACE	Received observer notification marionette-startup-requested
1561458045569	Marionette	TRACE	Waiting until startup recorder finished recording startup scripts...
1561458046007	Marionette	TRACE	All scripts recorded.
1561458046007	Marionette	DEBUG	Setting recommended pref app.update.disabledForTesting to true
1561458046007	Marionette	DEBUG	Setting recommended pref apz.content_response_timeout to 60000
1561458046007	Marionette	DEBUG	Setting recommended pref browser.contentblocking.introCount to 99
1561458046007	Marionette	DEBUG	Setting recommended pref browser.download.panel.shown to true
1561458046008	Marionette	DEBUG	Setting recommended pref browser.newtabpage.enabled to false
1561458046008	Marionette	DEBUG	Setting recommended pref browser.pagethumbnails.capturing_disabled to true
1561458046008	Marionette	DEBUG	Setting recommended pref browser.search.update to false
1561458046009	Marionette	DEBUG	Setting recommended pref browser.tabs.disableBackgroundZombification to false
1561458046009	Marionette	DEBUG	Setting recommended pref browser.tabs.warnOnCloseOtherTabs to false
1561458046009	Marionette	DEBUG	Setting recommended pref browser.tabs.warnOnOpen to false
1561458046009	Marionette	DEBUG	Setting recommended pref browser.usedOnWindows10.introURL to 
1561458046009	Marionette	DEBUG	Setting recommended pref browser.urlbar.suggest.searches to false
1561458046010	Marionette	DEBUG	Setting recommended pref datareporting.policy.dataSubmissionPolicyAccepted to false
1561458046010	Marionette	DEBUG	Setting recommended pref dom.disable_beforeunload to true
1561458046010	Marionette	DEBUG	Setting recommended pref dom.disable_open_during_load to false
1561458046010	Marionette	DEBUG	Setting recommended pref dom.file.createInChild to true
1561458046010	Marionette	DEBUG	Setting recommended pref dom.max_chrome_script_run_time to 0
1561458046010	Marionette	DEBUG	Setting recommended pref dom.max_script_run_time to 0
1561458046010	Marionette	DEBUG	Setting recommended pref extensions.getAddons.cache.enabled to false
1561458046011	Marionette	DEBUG	Setting recommended pref extensions.webservice.discoverURL to http://%(server)s/dummy/discoveryURL
1561458046011	Marionette	DEBUG	Setting recommended pref network.http.prompt-temp-redirect to false
1561458046011	Marionette	DEBUG	Setting recommended pref network.http.speculative-parallel-limit to 0
1561458046011	Marionette	DEBUG	Setting recommended pref security.certerrors.mitm.priming.enabled to false
1561458046011	Marionette	DEBUG	Setting recommended pref security.fileuri.strict_origin_policy to false
1561458046012	Marionette	DEBUG	Setting recommended pref security.notification_enable_delay to 0
1561458046012	Marionette	DEBUG	Setting recommended pref signon.autofillForms to false
1561458046012	Marionette	DEBUG	Setting recommended pref signon.rememberSignons to false
1561458046012	Marionette	DEBUG	Setting recommended pref toolkit.cosmeticAnimations.enabled to false
1561458046556	Marionette	INFO	Listening on port 50834
1561458046556	Marionette	DEBUG	Remote service is active
1561458047047	Marionette	DEBUG	Accepted connection 0 from 127.0.0.1:50898
1561458047818	Marionette	DEBUG	0 -> [0,1,"WebDriver:NewSession",{"acceptInsecureCerts":true,"browserName":"firefox","capabilities":{"desiredCapabilities":{"acceptInsecureCerts":true,"browserName":"firefox"}}}]
1561458047819	Marionette	WARN	TLS certificate errors will be ignored for this session
1561458048198	Marionette	TRACE	[6442450945] Frame script loaded
1561458048441	Marionette	TRACE	[6442450945] Frame script registered
1561458048919	Marionette	DEBUG	0 <- [1,1,null,{"sessionId":"435cd53e-a9a1-4481-983a-2fe412a7504c","capabilities":{"browserName":"firefox","browserVersion":"67.0. ... alse,"moz:webdriverClick":true,"capabilities":{"desiredCapabilities":{"acceptInsecureCerts":true,"browserName":"firefox"}}}}]
1561458051714	Marionette	DEBUG	0 -> [0,2,"WebDriver:Navigate",{"url":"http://www.baidu.com"}]
1561458052120	Marionette	TRACE	[6442450945] Received DOM event beforeunload for about:blank
1561458053116	Marionette	TRACE	[6442450945] Received DOM event pagehide for about:blank
1561458054443	Marionette	TRACE	[6442450945] Received DOM event DOMContentLoaded for http://www.baidu.com/
1561458054484	Marionette	TRACE	[6442450945] Received DOM event pageshow for http://www.baidu.com/
1561458054486	Marionette	DEBUG	0 <- [1,2,null,{"value":null}]
1561458054552	Marionette	DEBUG	0 -> [0,3,"WebDriver:MaximizeWindow",{}]
1561458054882	Marionette	DEBUG	0 <- [1,3,null,{"x":-8,"y":-8,"width":1616,"height":876}]
1561458054889	Marionette	DEBUG	0 -> [0,4,"WebDriver:GetTitle",{}]
1561458054890	Marionette	DEBUG	0 <- [1,4,null,{"value":"百度一下，你就知道"}]
1561458054945	Marionette	DEBUG	Closed connection 0
console.error: BroadcastService: 
  receivedBroadcastMessage: handler for
  remote-settings/monitor_changes
  threw error:
  Message: Error: Polling for changes failed: http://%(server)s/dummy/blocklist//buckets/monitor/collections/changes/records?_expected=%221561398413242%22 is not a valid URL..
  Stack:
    remoteSettingsFunction/remoteSettings.pollChanges@resource://services-settings/remote-settings.js:203:13

[Parent 11924, Gecko_IOThread] WARNING: pipe error: 109: file z:/task_1560988636/build/src/ipc/chromium/src/chrome/common/ipc_channel_win.cc, line 341
[Parent 11924, Gecko_IOThread] WARNING: pipe error: 109: file z:/task_1560988636/build/src/ipc/chromium/src/chrome/common/ipc_channel_win.cc, line 341
[Child 15696, Chrome_ChildThread] WARNING: pipe error: 109: file z:/task_1560988636/build/src/ipc/chromium/src/chrome/common/ipc_channel_win.cc, line 341
[Child 11736, Chrome_ChildThread] WARNING: pipe error: 109: file z:/task_1560988636/build/src/ipc/chromium/src/chrome/common/ipc_channel_win.cc, line 341
[Parent 11924, Gecko_IOThread] WARNING: pipe error: 109: file z:/task_1560988636/build/src/ipc/chromium/src/chrome/common/ipc_channel_win.cc, line 341
1561460014079	Marionette	TRACE	Received observer notification xpcom-will-shutdown
1561460014079	Marionette	DEBUG	Resetting recommended pref app.update.disabledForTesting
1561460014079	Marionette	DEBUG	Resetting recommended pref apz.content_response_timeout
1561460014079	Marionette	DEBUG	Resetting recommended pref browser.contentblocking.introCount
1561460014079	Marionette	DEBUG	Resetting recommended pref browser.download.panel.shown
1561460014079	Marionette	DEBUG	Resetting recommended pref browser.newtabpage.enabled
1561460014080	Marionette	DEBUG	Resetting recommended pref browser.pagethumbnails.capturing_disabled
1561460014080	Marionette	DEBUG	Resetting recommended pref browser.search.update
1561460014080	Marionette	DEBUG	Resetting recommended pref browser.tabs.disableBackgroundZombification
1561460014080	Marionette	DEBUG	Resetting recommended pref browser.tabs.warnOnCloseOtherTabs
1561460014081	Marionette	DEBUG	Resetting recommended pref browser.tabs.warnOnOpen
1561460014081	Marionette	DEBUG	Resetting recommended pref browser.usedOnWindows10.introURL
1561460014081	Marionette	DEBUG	Resetting recommended pref browser.urlbar.suggest.searches
1561460014082	Marionette	DEBUG	Resetting recommended pref datareporting.policy.dataSubmissionPolicyAccepted
1561460014082	Marionette	DEBUG	Resetting recommended pref dom.disable_beforeunload
1561460014082	Marionette	DEBUG	Resetting recommended pref dom.disable_open_during_load
1561460014082	Marionette	DEBUG	Resetting recommended pref dom.file.createInChild
1561460014082	Marionette	DEBUG	Resetting recommended pref dom.max_chrome_script_run_time
1561460014082	Marionette	DEBUG	Resetting recommended pref dom.max_script_run_time
1561460014082	Marionette	DEBUG	Resetting recommended pref extensions.getAddons.cache.enabled
1561460014083	Marionette	DEBUG	Resetting recommended pref extensions.webservice.discoverURL
1561460014083	Marionette	DEBUG	Resetting recommended pref network.http.prompt-temp-redirect
1561460014083	Marionette	DEBUG	Resetting recommended pref network.http.speculative-parallel-limit
1561460014083	Marionette	DEBUG	Resetting recommended pref security.certerrors.mitm.priming.enabled
1561460014083	Marionette	DEBUG	Resetting recommended pref security.fileuri.strict_origin_policy
1561460014083	Marionette	DEBUG	Resetting recommended pref security.notification_enable_delay
1561460014083	Marionette	DEBUG	Resetting recommended pref signon.autofillForms
1561460014083	Marionette	DEBUG	Resetting recommended pref signon.rememberSignons
1561460014083	Marionette	DEBUG	Resetting recommended pref toolkit.cosmeticAnimations.enabled
1561460014084	Marionette	INFO	Stopped listening on port 50834
1561460014084	Marionette	DEBUG	Remote service is inactive

###!!! [Child][MessageChannel::SendAndWait] Error: Channel error: cannot send/recv

